info it worked if it ends with ok
verbose cli [ 'node', '/usr/bin/npm', 'install', 'requirejs' ]
info using npm@1.1.0-alpha-2
info using node@v0.6.3
verbose config file /home/romain/.npmrc
verbose config file /usr/etc/npmrc
verbose config file /usr/lib/node_modules/npm/npmrc
verbose into /home/romain/requirejs-pres/yepnope [ 'requirejs' ]
verbose cache add requirejs
verbose cache add [ 'requirejs', null ]
silly cache add: name, spec, args [ undefined, 'requirejs', [ 'requirejs', null ] ]
verbose parsed url { pathname: 'requirejs', path: 'requirejs', href: 'requirejs' }
info addNamed [ 'requirejs', '' ]
verbose addNamed [ null, '' ]
verbose GET requirejs
verbose raw, before any munging requirejs
verbose url resolving [ 'https://registry.npmjs.org/', './requirejs' ]
verbose url resolved https://registry.npmjs.org/requirejs
verbose etag "6INXAQYD9LAHZAJ1R2RTOV13S"
silly get cb [ 304,
silly get cb   { server: 'CouchDB/1.1.0 (Erlang OTP/R14B04)',
silly get cb     etag: '"6INXAQYD9LAHZAJ1R2RTOV13S"',
silly get cb     date: 'Sat, 26 Nov 2011 17:07:27 GMT',
silly get cb     'content-length': '0' } ]
verbose etag requirejs from cache
verbose GET requirejs/1.0.2
verbose raw, before any munging requirejs/1.0.2
verbose url resolving [ 'https://registry.npmjs.org/', './requirejs/1.0.2' ]
verbose url resolved https://registry.npmjs.org/requirejs/1.0.2
verbose etag "6INXAQYD9LAHZAJ1R2RTOV13S"
silly get cb [ 304,
silly get cb   { server: 'CouchDB/1.1.0 (Erlang OTP/R14B04)',
silly get cb     etag: '"6INXAQYD9LAHZAJ1R2RTOV13S"',
silly get cb     date: 'Sat, 26 Nov 2011 17:07:28 GMT',
silly get cb     'content-length': '0' } ]
verbose etag requirejs/1.0.2 from cache
verbose bin dist [ '0.6-ares1.7.5-DEV-evundefined-openssl1.0.0e-v83.6.6.8-linux-ia32-3.1.2-1-ARCH',
verbose bin dist   { shasum: 'edaf3907dbbcad08082c180ed1e6cbf0a516a725',
verbose bin dist     tarball: 'http://registry.npmjs.org/requirejs/-/requirejs-1.0.2.tgz' } ]
verbose addRemoteTarball [ 'https://registry.npmjs.org/requirejs/-/requirejs-1.0.2.tgz',
verbose addRemoteTarball   'edaf3907dbbcad08082c180ed1e6cbf0a516a725' ]
verbose mkdir (expected) error ENOENT, no such file or directory '/tmp/npm-1322327170318'
verbose mkdir (expected) error ENOENT, no such file or directory '/tmp/npm-1322327170318/1322327170318-0.09026913135312498'
verbose mkdir done: /tmp/npm-1322327170318/1322327170318-0.09026913135312498 755
info fetch https://registry.npmjs.org/requirejs/-/requirejs-1.0.2.tgz
verbose fetch to /tmp/npm-1322327170318/1322327170318-0.09026913135312498/tmp.tgz
silly updated sha bytes 40960
silly updated sha bytes 40960
silly updated sha bytes 30720
info shasum edaf3907dbbcad08082c180ed1e6cbf0a516a725
info shasum /tmp/npm-1322327170318/1322327170318-0.09026913135312498/tmp.tgz
verbose mkdir (expected) error ENOENT, no such file or directory '/tmp/npm-1322327170318/1322327170318-0.09026913135312498/___package.npm'
verbose mkdir done: /tmp/npm-1322327170318/1322327170318-0.09026913135312498/___package.npm 755
verbose unpack_ uid, gid [ undefined, undefined ]
verbose unpackTarget /tmp/npm-1322327170318/1322327170318-0.09026913135312498/package
silly gunzTarPerm modes [ '755', '644' ]
ERR! Failed unpacking /tmp/npm-1322327170318/1322327170318-0.09026913135312498/tmp.tgz
ERR! couldn't unpack /tmp/npm-1322327170318/1322327170318-0.09026913135312498/tmp.tgz to /tmp/npm-1322327170318/1322327170318-0.09026913135312498
ERR! Error: write() after end()
ERR!     at decorate (/usr/lib/node_modules/npm/node_modules/fstream/lib/abstract.js:64:36)
ERR!     at Extract.error (/usr/lib/node_modules/npm/node_modules/fstream/lib/abstract.js:58:12)
ERR!     at Extract.write (/usr/lib/node_modules/npm/node_modules/tar/lib/parse.js:71:17)
ERR!     at Unzip.ondata (stream.js:38:26)
ERR!     at Unzip.emit (events.js:67:17)
ERR!     at Object.callback (zlib.js:366:12)
ERR! Report this *entire* log at:
ERR!     <http://github.com/isaacs/npm/issues>
ERR! or email it to:
ERR!     <npm-@googlegroups.com>
ERR! 
ERR! System Linux 3.1.2-1-ARCH
ERR! command "node" "/usr/bin/npm" "install" "requirejs"
ERR! cwd /home/romain/requirejs-pres/yepnope
ERR! node -v v0.6.3
ERR! npm -v 1.1.0-alpha-2
ERR! fstream_class Extract
ERR! message write() after end()
ERR! fstream_stack Extract.write (/usr/lib/node_modules/npm/node_modules/tar/lib/parse.js:71:17)
ERR! fstream_stack Unzip.ondata (stream.js:38:26)
ERR! fstream_stack Unzip.emit (events.js:67:17)
ERR! fstream_stack Object.callback (zlib.js:366:12)
verbose exit [ 1, true ]
